# JRE version: Java(TM) SE Runtime Environment (8.0_311-b11) (build 1.8.0_311-b11)
# Java VM: Java HotSpot(TM) 64-Bit Server VM (25.311-b11 mixed mode windows-amd64 compressed oops)
Heap:
 PSYoungGen      total 18944K, used 11326K [0x00000000eb400000, 0x00000000ec900000, 0x0000000100000000)
  eden space 16384K, 56% used [0x00000000eb400000,0x00000000ebd00e28,0x00000000ec400000)
  from space 2560K, 82% used [0x00000000ec680000,0x00000000ec88ec28,0x00000000ec900000)
  to   space 2560K, 0% used [0x00000000ec400000,0x00000000ec400000,0x00000000ec680000)
 ParOldGen       total 73728K, used 42713K [0x00000000c1c00000, 0x00000000c6400000, 0x00000000eb400000)
  object space 73728K, 57% used [0x00000000c1c00000,0x00000000c45b65e0,0x00000000c6400000)
 Metaspace       used 9874K, capacity 10082K, committed 10240K, reserved 1058816K
  class space    used 1135K, capacity 1225K, committed 1280K, reserved 1048576K
GC Heap History (10 events):
Event: 2.271 GC heap before
{Heap before GC invocations=3 (full 0):
 PSYoungGen      total 18944K, used 17691K [0x00000000eb400000, 0x00000000ec900000, 0x0000000100000000)
  eden space 16384K, 98% used [0x00000000eb400000,0x00000000ec3d6e10,0x00000000ec400000)
  from space 2560K, 57% used [0x00000000ec680000,0x00000000ec7f0020,0x00000000ec900000)
  to   space 2560K, 0% used [0x00000000ec400000,0x00000000ec400000,0x00000000ec680000)
 ParOldGen       total 44032K, used 32416K [0x00000000c1c00000, 0x00000000c4700000, 0x00000000eb400000)
  object space 44032K, 73% used [0x00000000c1c00000,0x00000000c3ba8010,0x00000000c4700000)
 Metaspace       used 9648K, capacity 9826K, committed 9984K, reserved 1058816K
  class space    used 1131K, capacity 1225K, committed 1280K, reserved 1048576K
Event: 2.276 GC heap after
Heap after GC invocations=3 (full 0):
 PSYoungGen      total 18944K, used 1983K [0x00000000eb400000, 0x00000000ec900000, 0x0000000100000000)
  eden space 16384K, 0% used [0x00000000eb400000,0x00000000eb400000,0x00000000ec400000)
  from space 2560K, 77% used [0x00000000ec400000,0x00000000ec5efd50,0x00000000ec680000)
  to   space 2560K, 0% used [0x00000000ec680000,0x00000000ec680000,0x00000000ec900000)
 ParOldGen       total 44032K, used 40627K [0x00000000c1c00000, 0x00000000c4700000, 0x00000000eb400000)
  object space 44032K, 92% used [0x00000000c1c00000,0x00000000c43accc0,0x00000000c4700000)
 Metaspace       used 9648K, capacity 9826K, committed 9984K, reserved 1058816K
  class space    used 1131K, capacity 1225K, committed 1280K, reserved 1048576K
}
Event: 2.276 GC heap before
{Heap before GC invocations=4 (full 1):
 PSYoungGen      total 18944K, used 1983K [0x00000000eb400000, 0x00000000ec900000, 0x0000000100000000)
  eden space 16384K, 0% used [0x00000000eb400000,0x00000000eb400000,0x00000000ec400000)
  from space 2560K, 77% used [0x00000000ec400000,0x00000000ec5efd50,0x00000000ec680000)
  to   space 2560K, 0% used [0x00000000ec680000,0x00000000ec680000,0x00000000ec900000)
 ParOldGen       total 44032K, used 40627K [0x00000000c1c00000, 0x00000000c4700000, 0x00000000eb400000)
  object space 44032K, 92% used [0x00000000c1c00000,0x00000000c43accc0,0x00000000c4700000)
 Metaspace       used 9648K, capacity 9826K, committed 9984K, reserved 1058816K
  class space    used 1131K, capacity 1225K, committed 1280K, reserved 1048576K
Event: 2.292 GC heap after
Heap after GC invocations=4 (full 1):
 PSYoungGen      total 18944K, used 0K [0x00000000eb400000, 0x00000000ec900000, 0x0000000100000000)
  eden space 16384K, 0% used [0x00000000eb400000,0x00000000eb400000,0x00000000ec400000)
  from space 2560K, 0% used [0x00000000ec400000,0x00000000ec400000,0x00000000ec680000)
  to   space 2560K, 0% used [0x00000000ec680000,0x00000000ec680000,0x00000000ec900000)
 ParOldGen       total 73728K, used 37020K [0x00000000c1c00000, 0x00000000c6400000, 0x00000000eb400000)
  object space 73728K, 50% used [0x00000000c1c00000,0x00000000c40273c0,0x00000000c6400000)
 Metaspace       used 9648K, capacity 9826K, committed 9984K, reserved 1058816K
  class space    used 1131K, capacity 1225K, committed 1280K, reserved 1048576K
}
Event: 2.904 GC heap before
{Heap before GC invocations=5 (full 1):
 PSYoungGen      total 18944K, used 15740K [0x00000000eb400000, 0x00000000ec900000, 0x0000000100000000)
  eden space 16384K, 96% used [0x00000000eb400000,0x00000000ec35f100,0x00000000ec400000)
  from space 2560K, 0% used [0x00000000ec400000,0x00000000ec400000,0x00000000ec680000)
  to   space 2560K, 0% used [0x00000000ec680000,0x00000000ec680000,0x00000000ec900000)
 ParOldGen       total 73728K, used 37020K [0x00000000c1c00000, 0x00000000c6400000, 0x00000000eb400000)
  object space 73728K, 50% used [0x00000000c1c00000,0x00000000c40273c0,0x00000000c6400000)
 Metaspace       used 9761K, capacity 9954K, committed 10240K, reserved 1058816K
  class space    used 1135K, capacity 1225K, committed 1280K, reserved 1048576K
Event: 2.906 GC heap after
Heap after GC invocations=5 (full 1):
 PSYoungGen      total 18944K, used 2184K [0x00000000eb400000, 0x00000000ec900000, 0x0000000100000000)
  eden space 16384K, 0% used [0x00000000eb400000,0x00000000eb400000,0x00000000ec400000)
  from space 2560K, 85% used [0x00000000ec680000,0x00000000ec8a2270,0x00000000ec900000)
  to   space 2560K, 0% used [0x00000000ec400000,0x00000000ec400000,0x00000000ec680000)
 ParOldGen       total 73728K, used 37758K [0x00000000c1c00000, 0x00000000c6400000, 0x00000000eb400000)
  object space 73728K, 51% used [0x00000000c1c00000,0x00000000c40dfbb0,0x00000000c6400000)
 Metaspace       used 9761K, capacity 9954K, committed 10240K, reserved 1058816K
  class space    used 1135K, capacity 1225K, committed 1280K, reserved 1048576K
}
Event: 3.325 GC heap before
{Heap before GC invocations=6 (full 1):
 PSYoungGen      total 18944K, used 18120K [0x00000000eb400000, 0x00000000ec900000, 0x0000000100000000)
  eden space 16384K, 97% used [0x00000000eb400000,0x00000000ec38ff98,0x00000000ec400000)
  from space 2560K, 85% used [0x00000000ec680000,0x00000000ec8a2270,0x00000000ec900000)
  to   space 2560K, 0% used [0x00000000ec400000,0x00000000ec400000,0x00000000ec680000)
 ParOldGen       total 73728K, used 37758K [0x00000000c1c00000, 0x00000000c6400000, 0x00000000eb400000)
  object space 73728K, 51% used [0x00000000c1c00000,0x00000000c40dfbb0,0x00000000c6400000)
 Metaspace       used 9795K, capacity 9954K, committed 10240K, reserved 1058816K
  class space    used 1135K, capacity 1225K, committed 1280K, reserved 1048576K
Event: 3.328 GC heap after
Heap after GC invocations=6 (full 1):
 PSYoungGen      total 18944K, used 1811K [0x00000000eb400000, 0x00000000ec900000, 0x0000000100000000)
  eden space 16384K, 0% used [0x00000000eb400000,0x00000000eb400000,0x00000000ec400000)
  from space 2560K, 70% used [0x00000000ec400000,0x00000000ec5c4e10,0x00000000ec680000)
  to   space 2560K, 0% used [0x00000000ec680000,0x00000000ec680000,0x00000000ec900000)
 ParOldGen       total 73728K, used 39940K [0x00000000c1c00000, 0x00000000c6400000, 0x00000000eb400000)
  object space 73728K, 54% used [0x00000000c1c00000,0x00000000c43012b0,0x00000000c6400000)
 Metaspace       used 9795K, capacity 9954K, committed 10240K, reserved 1058816K
  class space    used 1135K, capacity 1225K, committed 1280K, reserved 1048576K
}
Event: 3.604 GC heap before
{Heap before GC invocations=7 (full 1):
 PSYoungGen      total 18944K, used 17129K [0x00000000eb400000, 0x00000000ec900000, 0x0000000100000000)
  eden space 16384K, 93% used [0x00000000eb400000,0x00000000ec2f57d0,0x00000000ec400000)
  from space 2560K, 70% used [0x00000000ec400000,0x00000000ec5c4e10,0x00000000ec680000)
  to   space 2560K, 0% used [0x00000000ec680000,0x00000000ec680000,0x00000000ec900000)
 ParOldGen       total 73728K, used 39940K [0x00000000c1c00000, 0x00000000c6400000, 0x00000000eb400000)
  object space 73728K, 54% used [0x00000000c1c00000,0x00000000c43012b0,0x00000000c6400000)
 Metaspace       used 9812K, capacity 10018K, committed 10240K, reserved 1058816K
  class space    used 1135K, capacity 1225K, committed 1280K, reserved 1048576K
Event: 3.608 GC heap after
Heap after GC invocations=7 (full 1):
 PSYoungGen      total 18944K, used 2107K [0x00000000eb400000, 0x00000000ec900000, 0x0000000100000000)
  eden space 16384K, 0% used [0x00000000eb400000,0x00000000eb400000,0x00000000ec400000)
  from space 2560K, 82% used [0x00000000ec680000,0x00000000ec88ec28,0x00000000ec900000)
  to   space 2560K, 0% used [0x00000000ec400000,0x00000000ec400000,0x00000000ec680000)
 ParOldGen       total 73728K, used 42713K [0x00000000c1c00000, 0x00000000c6400000, 0x00000000eb400000)
  object space 73728K, 57% used [0x00000000c1c00000,0x00000000c45b65e0,0x00000000c6400000)
 Metaspace       used 9812K, capacity 10018K, committed 10240K, reserved 1058816K
  class space    used 1135K, capacity 1225K, committed 1280K, reserved 1048576K
}

